2012/09/11 05:50:17 [error] [exception.CDbException] exception 'CDbException' with message 'CDbConnection failed to open the DB connection: SQLSTATE[HY000] [14] unable to open database file' in /var/www/vhosts/roboter.kodingen.com/subdomains/yii/httpdocs/framework/db/CDbConnection.php:382
Stack trace:
#0 /var/www/vhosts/roboter.kodingen.com/subdomains/yii/httpdocs/framework/db/CDbConnection.php(331): CDbConnection->open()
#1 /var/www/vhosts/roboter.kodingen.com/subdomains/yii/httpdocs/framework/db/CDbConnection.php(309): CDbConnection->setActive(true)
#2 /var/www/vhosts/roboter.kodingen.com/subdomains/yii/httpdocs/framework/base/CModule.php(388): CDbConnection->init()
#3 /var/www/vhosts/roboter.kodingen.com/subdomains/yii/httpdocs/framework/base/CModule.php(104): CModule->getComponent('db')
#4 /var/www/vhosts/roboter.kodingen.com/subdomains/yii/httpdocs/framework/gii/generators/model/ModelCode.php(57): CModule->__get('db')
#5 /var/www/vhosts/roboter.kodingen.com/subdomains/yii/httpdocs/framework/web/CFormModel.php(40): ModelCode->init()
#6 /var/www/vhosts/roboter.kodingen.com/subdomains/yii/httpdocs/framework/gii/CCodeGenerator.php(154): CFormModel->__construct()
#7 /var/www/vhosts/roboter.kodingen.com/subdomains/yii/httpdocs/framework/gii/CCodeGenerator.php(64): CCodeGenerator->prepare()
#8 /var/www/vhosts/roboter.kodingen.com/subdomains/yii/httpdocs/framework/web/actions/CInlineAction.php(50): CCodeGenerator->actionIndex()
#9 /var/www/vhosts/roboter.kodingen.com/subdomains/yii/httpdocs/framework/web/CController.php(309): CInlineAction->runWithParams(Array)
#10 /var/www/vhosts/roboter.kodingen.com/subdomains/yii/httpdocs/framework/web/CController.php(287): CController->runAction(Object(CInlineAction))
#11 /var/www/vhosts/roboter.kodingen.com/subdomains/yii/httpdocs/framework/web/CController.php(266): CController->runActionWithFilters(Object(CInlineAction), Array)
#12 /var/www/vhosts/roboter.kodingen.com/subdomains/yii/httpdocs/framework/web/CWebApplication.php(283): CController->run('')
#13 /var/www/vhosts/roboter.kodingen.com/subdomains/yii/httpdocs/framework/web/CWebApplication.php(142): CWebApplication->runController('gii/model')
#14 /var/www/vhosts/roboter.kodingen.com/subdomains/yii/httpdocs/framework/base/CApplication.php(162): CWebApplication->processRequest()
#15 /var/www/vhosts/roboter.kodingen.com/subdomains/yii/httpdocs/index.php(13): CApplication->run()
#16 {main}
REQUEST_URI=/index.php?r=gii/model
HTTP_REFERER=http://yii.roboter.kodingen.com/index.php?r=gii/model
---
2012/09/11 17:42:28 [error] [exception.CHttpException.404] exception 'CHttpException' with message 'Unable to resolve the request "favicon.ico".' in /var/www/vhosts/roboter.kodingen.com/subdomains/yii/httpdocs/framework/web/CWebApplication.php:287
Stack trace:
#0 /var/www/vhosts/roboter.kodingen.com/subdomains/yii/httpdocs/framework/web/CWebApplication.php(142): CWebApplication->runController('favicon.ico')
#1 /var/www/vhosts/roboter.kodingen.com/subdomains/yii/httpdocs/framework/base/CApplication.php(162): CWebApplication->processRequest()
#2 /var/www/vhosts/roboter.kodingen.com/subdomains/yii/httpdocs/index.php(13): CApplication->run()
#3 {main}
REQUEST_URI=/favicon.ico
---
2012/09/11 17:42:35 [error] [exception.CHttpException.404] exception 'CHttpException' with message 'Unable to resolve the request "favicon.ico".' in /var/www/vhosts/roboter.kodingen.com/subdomains/yii/httpdocs/framework/web/CWebApplication.php:287
Stack trace:
#0 /var/www/vhosts/roboter.kodingen.com/subdomains/yii/httpdocs/framework/web/CWebApplication.php(142): CWebApplication->runController('favicon.ico')
#1 /var/www/vhosts/roboter.kodingen.com/subdomains/yii/httpdocs/framework/base/CApplication.php(162): CWebApplication->processRequest()
#2 /var/www/vhosts/roboter.kodingen.com/subdomains/yii/httpdocs/index.php(13): CApplication->run()
#3 {main}
REQUEST_URI=/favicon.ico
---
2012/09/11 17:42:39 [error] [exception.CHttpException.404] exception 'CHttpException' with message 'Unable to resolve the request "favicon.ico".' in /var/www/vhosts/roboter.kodingen.com/subdomains/yii/httpdocs/framework/web/CWebApplication.php:287
Stack trace:
#0 /var/www/vhosts/roboter.kodingen.com/subdomains/yii/httpdocs/framework/web/CWebApplication.php(142): CWebApplication->runController('favicon.ico')
#1 /var/www/vhosts/roboter.kodingen.com/subdomains/yii/httpdocs/framework/base/CApplication.php(162): CWebApplication->processRequest()
#2 /var/www/vhosts/roboter.kodingen.com/subdomains/yii/httpdocs/index.php(13): CApplication->run()
#3 {main}
REQUEST_URI=/favicon.ico
---
2012/09/12 01:45:37 [error] [exception.CHttpException.404] exception 'CHttpException' with message 'Unable to resolve the request "favicon.ico".' in /var/www/vhosts/roboter.kodingen.com/subdomains/yii/httpdocs/framework/web/CWebApplication.php:287
Stack trace:
#0 /var/www/vhosts/roboter.kodingen.com/subdomains/yii/httpdocs/framework/web/CWebApplication.php(142): CWebApplication->runController('favicon.ico')
#1 /var/www/vhosts/roboter.kodingen.com/subdomains/yii/httpdocs/framework/base/CApplication.php(162): CWebApplication->processRequest()
#2 /var/www/vhosts/roboter.kodingen.com/subdomains/yii/httpdocs/index.php(13): CApplication->run()
#3 {main}
REQUEST_URI=/favicon.ico
---
2012/09/13 03:20:01 [error] [exception.CHttpException.404] exception 'CHttpException' with message 'Unable to resolve the request "favicon.ico".' in /var/www/vhosts/roboter.kodingen.com/subdomains/yii/httpdocs/framework/web/CWebApplication.php:287
Stack trace:
#0 /var/www/vhosts/roboter.kodingen.com/subdomains/yii/httpdocs/framework/web/CWebApplication.php(142): CWebApplication->runController('favicon.ico')
#1 /var/www/vhosts/roboter.kodingen.com/subdomains/yii/httpdocs/framework/base/CApplication.php(162): CWebApplication->processRequest()
#2 /var/www/vhosts/roboter.kodingen.com/subdomains/yii/httpdocs/index.php(13): CApplication->run()
#3 {main}
REQUEST_URI=/favicon.ico
---
